Using pre-set license
Built from '2021.3/staging' branch; Version is '2021.3.6f1 (7da38d85baf6) revision 8233869'; Using compiler version '192829333'; Build Type 'Release'
OS: 'Windows 11  (10.0.22000) 64bit Core' Language: 'en' Physical Memory: 15776 MB
BatchMode: 1, IsHumanControllingUs: 0, StartBugReporterOnCrash: 0, Is64bit: 1, IsPro: 1

COMMAND LINE ARGUMENTS:
C:\Program Files\Unity\Hub\Editor\2021.3.6f1\Editor\Unity.exe
-adb2
-batchMode
-noUpm
-name
AssetImportWorker2
-projectPath
C:/Users/ragha/Documents/GitHub/mirror-madness/mirror-madness/Mirror Madness
-logFile
Logs/AssetImportWorker2.log
-srvPort
64853
Successfully changed project path to: C:/Users/ragha/Documents/GitHub/mirror-madness/mirror-madness/Mirror Madness
C:/Users/ragha/Documents/GitHub/mirror-madness/mirror-madness/Mirror Madness
[UnityMemory] Configuration Parameters - Can be set up in boot.config
    "memorysetup-bucket-allocator-granularity=16"
    "memorysetup-bucket-allocator-bucket-count=8"
    "memorysetup-bucket-allocator-block-size=33554432"
    "memorysetup-bucket-allocator-block-count=8"
    "memorysetup-main-allocator-block-size=16777216"
    "memorysetup-thread-allocator-block-size=16777216"
    "memorysetup-gfx-main-allocator-block-size=16777216"
    "memorysetup-gfx-thread-allocator-block-size=16777216"
    "memorysetup-cache-allocator-block-size=4194304"
    "memorysetup-typetree-allocator-block-size=2097152"
    "memorysetup-profiler-bucket-allocator-granularity=16"
    "memorysetup-profiler-bucket-allocator-bucket-count=8"
    "memorysetup-profiler-bucket-allocator-block-size=33554432"
    "memorysetup-profiler-bucket-allocator-block-count=8"
    "memorysetup-profiler-allocator-block-size=16777216"
    "memorysetup-profiler-editor-allocator-block-size=1048576"
    "memorysetup-temp-allocator-size-main=16777216"
    "memorysetup-job-temp-allocator-block-size=2097152"
    "memorysetup-job-temp-allocator-block-size-background=1048576"
    "memorysetup-job-temp-allocator-reduction-small-platforms=262144"
    "memorysetup-temp-allocator-size-background-worker=32768"
    "memorysetup-temp-allocator-size-job-worker=262144"
    "memorysetup-temp-allocator-size-preload-manager=33554432"
    "memorysetup-temp-allocator-size-nav-mesh-worker=65536"
    "memorysetup-temp-allocator-size-audio-worker=65536"
    "memorysetup-temp-allocator-size-cloud-worker=32768"
    "memorysetup-temp-allocator-size-gi-baking-worker=262144"
    "memorysetup-temp-allocator-size-gfx=262144"
Refreshing native plugins compatible for Editor in 55.33 ms, found 2 plugins.
Preloading 0 native plugins for Editor in 0.00 ms.
Initialize engine version: 2021.3.6f1 (7da38d85baf6)
[Subsystems] Discovering subsystems at path C:/Program Files/Unity/Hub/Editor/2021.3.6f1/Editor/Data/Resources/UnitySubsystems
[Subsystems] Discovering subsystems at path C:/Users/ragha/Documents/GitHub/mirror-madness/mirror-madness/Mirror Madness/Assets
GfxDevice: creating device client; threaded=0; jobified=0
Direct3D:
    Version:  Direct3D 11.0 [level 11.1]
    Renderer: NVIDIA GeForce RTX 3070 Laptop GPU (ID=0x249d)
    Vendor:   NVIDIA
    VRAM:     8044 MB
    Driver:   30.0.15.1278
Initialize mono
Mono path[0] = 'C:/Program Files/Unity/Hub/Editor/2021.3.6f1/Editor/Data/Managed'
Mono path[1] = 'C:/Program Files/Unity/Hub/Editor/2021.3.6f1/Editor/Data/MonoBleedingEdge/lib/mono/unityjit-win32'
Mono config path = 'C:/Program Files/Unity/Hub/Editor/2021.3.6f1/Editor/Data/MonoBleedingEdge/etc'
Using monoOptions --debugger-agent=transport=dt_socket,embedding=1,server=y,suspend=n,address=127.0.0.1:56472
Begin MonoManager ReloadAssembly
Registering precompiled unity dll's ...
Register platform support module: C:/Program Files/Unity/Hub/Editor/2021.3.6f1/Editor/Data/PlaybackEngines/WindowsStandaloneSupport/UnityEditor.WindowsStandalone.Extensions.dll
Registered in 0.005340 seconds.
Native extension for WindowsStandalone target not found
Refreshing native plugins compatible for Editor in 46.17 ms, found 2 plugins.
Preloading 0 native plugins for Editor in 0.00 ms.
Mono: successfully reloaded assembly
- Completed reload, in  0.630 seconds
Domain Reload Profiling:
	ReloadAssembly (631ms)
		BeginReloadAssembly (80ms)
			ExecutionOrderSort (0ms)
			DisableScriptedObjects (0ms)
			BackupInstance (0ms)
			ReleaseScriptingObjects (0ms)
			CreateAndSetChildDomain (1ms)
		EndReloadAssembly (438ms)
			LoadAssemblies (77ms)
			RebuildTransferFunctionScriptingTraits (0ms)
			SetupTypeCache (100ms)
			ReleaseScriptCaches (0ms)
			RebuildScriptCaches (26ms)
			SetupLoadedEditorAssemblies (257ms)
				LogAssemblyErrors (0ms)
				InitializePlatformSupportModulesInManaged (7ms)
				SetLoadedEditorAssemblies (0ms)
				RefreshPlugins (46ms)
				BeforeProcessingInitializeOnLoad (2ms)
				ProcessInitializeOnLoadAttributes (153ms)
				ProcessInitializeOnLoadMethodAttributes (49ms)
				AfterProcessingInitializeOnLoad (0ms)
				EditorAssembliesLoaded (0ms)
			ExecutionOrderSort2 (0ms)
			AwakeInstancesAfterBackupRestoration (0ms)
Platform modules already initialized, skipping
Registering precompiled user dll's ...
Registered in 0.005256 seconds.
Begin MonoManager ReloadAssembly
Native extension for WindowsStandalone target not found
Refreshing native plugins compatible for Editor in 0.89 ms, found 2 plugins.
Preloading 0 native plugins for Editor in 0.00 ms.
Package Manager log level set to [2]
Mono: successfully reloaded assembly
- Completed reload, in  1.068 seconds
Domain Reload Profiling:
	ReloadAssembly (1069ms)
		BeginReloadAssembly (114ms)
			ExecutionOrderSort (0ms)
			DisableScriptedObjects (6ms)
			BackupInstance (0ms)
			ReleaseScriptingObjects (0ms)
			CreateAndSetChildDomain (21ms)
		EndReloadAssembly (834ms)
			LoadAssemblies (78ms)
			RebuildTransferFunctionScriptingTraits (0ms)
			SetupTypeCache (207ms)
			ReleaseScriptCaches (1ms)
			RebuildScriptCaches (55ms)
			SetupLoadedEditorAssemblies (446ms)
				LogAssemblyErrors (0ms)
				InitializePlatformSupportModulesInManaged (6ms)
				SetLoadedEditorAssemblies (1ms)
				RefreshPlugins (1ms)
				BeforeProcessingInitializeOnLoad (78ms)
				ProcessInitializeOnLoadAttributes (225ms)
				ProcessInitializeOnLoadMethodAttributes (127ms)
				AfterProcessingInitializeOnLoad (7ms)
				EditorAssembliesLoaded (0ms)
			ExecutionOrderSort2 (0ms)
			AwakeInstancesAfterBackupRestoration (6ms)
Platform modules already initialized, skipping
========================================================================
Worker process is ready to serve import requests
Launched and connected shader compiler UnityShaderCompiler.exe after 0.04 seconds
Refreshing native plugins compatible for Editor in 0.94 ms, found 2 plugins.
Preloading 0 native plugins for Editor in 0.00 ms.
Unloading 2334 Unused Serialized files (Serialized files now loaded: 0)
Unloading 58 unused Assets / (56.7 KB). Loaded Objects now: 2771.
Memory consumption went from 92.3 MB to 92.2 MB.
Total: 7.109800 ms (FindLiveObjects: 0.219400 ms CreateObjectMapping: 0.072000 ms MarkObjects: 6.721000 ms  DeleteObjects: 0.096600 ms)

AssetImportParameters requested are different than current active one (requested -> active):
  custom:video-decoder-ogg-theora: a1e56fd34408186e4bbccfd4996cb3dc -> 
  custom:container-muxer-webm: aa71ff27fc2769a1b78a27578f13a17b -> 
  custom:container-demuxer-webm: 4f35f7cbe854078d1ac9338744f61a02 -> 
  custom:video-encoder-webm-vp8: eb34c28f22e8b96e1ab97ce403110664 -> 
  custom:video-codec-MediaFoundation-h265: 746d11721c4dcdbdad8f713fa42b33f4 -> 
  custom:audio-encoder-webm-vorbis: bf7c407c2cedff20999df2af8eb42d56 -> 
  custom:framework-win-MediaFoundation: 216162199b28c13a410421893ffa2e32 -> 
  custom:container-demuxer-ogg: 62fdf1f143b41e24485cea50d1cbac27 -> 
  custom:video-decoder-webm-vp8: 9c59270c3fd7afecdb556c50c9e8de78 -> 
  custom:audio-decoder-ogg-vorbis: bf7c407c2cedff20999df2af8eb42d56 -> 
========================================================================
Received Prepare
Registering precompiled user dll's ...
Registered in 0.004944 seconds.
Begin MonoManager ReloadAssembly
Native extension for WindowsStandalone target not found
Refreshing native plugins compatible for Editor in 1.22 ms, found 2 plugins.
Preloading 0 native plugins for Editor in 0.00 ms.
Mono: successfully reloaded assembly
- Completed reload, in  1.192 seconds
Domain Reload Profiling:
	ReloadAssembly (1193ms)
		BeginReloadAssembly (138ms)
			ExecutionOrderSort (0ms)
			DisableScriptedObjects (9ms)
			BackupInstance (0ms)
			ReleaseScriptingObjects (0ms)
			CreateAndSetChildDomain (37ms)
		EndReloadAssembly (937ms)
			LoadAssemblies (85ms)
			RebuildTransferFunctionScriptingTraits (0ms)
			SetupTypeCache (210ms)
			ReleaseScriptCaches (2ms)
			RebuildScriptCaches (56ms)
			SetupLoadedEditorAssemblies (520ms)
				LogAssemblyErrors (0ms)
				InitializePlatformSupportModulesInManaged (14ms)
				SetLoadedEditorAssemblies (1ms)
				RefreshPlugins (1ms)
				BeforeProcessingInitializeOnLoad (83ms)
				ProcessInitializeOnLoadAttributes (262ms)
				ProcessInitializeOnLoadMethodAttributes (150ms)
				AfterProcessingInitializeOnLoad (8ms)
				EditorAssembliesLoaded (0ms)
			ExecutionOrderSort2 (0ms)
			AwakeInstancesAfterBackupRestoration (9ms)
Platform modules already initialized, skipping
Refreshing native plugins compatible for Editor in 6.16 ms, found 2 plugins.
Preloading 0 native plugins for Editor in 0.00 ms.
Unloading 2315 Unused Serialized files (Serialized files now loaded: 0)
Unloading 47 unused Assets / (25.7 KB). Loaded Objects now: 2774.
Memory consumption went from 90.8 MB to 90.8 MB.
Total: 7.596600 ms (FindLiveObjects: 0.200000 ms CreateObjectMapping: 0.125300 ms MarkObjects: 7.230700 ms  DeleteObjects: 0.038600 ms)

AssetImportParameters requested are different than current active one (requested -> active):
  custom:video-decoder-ogg-theora: a1e56fd34408186e4bbccfd4996cb3dc -> 
  custom:container-muxer-webm: aa71ff27fc2769a1b78a27578f13a17b -> 
  custom:container-demuxer-webm: 4f35f7cbe854078d1ac9338744f61a02 -> 
  custom:video-encoder-webm-vp8: eb34c28f22e8b96e1ab97ce403110664 -> 
  custom:video-codec-MediaFoundation-h265: 746d11721c4dcdbdad8f713fa42b33f4 -> 
  custom:audio-encoder-webm-vorbis: bf7c407c2cedff20999df2af8eb42d56 -> 
  custom:framework-win-MediaFoundation: 216162199b28c13a410421893ffa2e32 -> 
  custom:container-demuxer-ogg: 62fdf1f143b41e24485cea50d1cbac27 -> 
  custom:video-decoder-webm-vp8: 9c59270c3fd7afecdb556c50c9e8de78 -> 
  custom:audio-decoder-ogg-vorbis: bf7c407c2cedff20999df2af8eb42d56 -> 
========================================================================
Received Prepare
Registering precompiled user dll's ...
Registered in 0.006530 seconds.
Begin MonoManager ReloadAssembly
Native extension for WindowsStandalone target not found
Refreshing native plugins compatible for Editor in 0.75 ms, found 2 plugins.
Preloading 0 native plugins for Editor in 0.00 ms.
Mono: successfully reloaded assembly
- Completed reload, in  1.160 seconds
Domain Reload Profiling:
	ReloadAssembly (1161ms)
		BeginReloadAssembly (136ms)
			ExecutionOrderSort (0ms)
			DisableScriptedObjects (8ms)
			BackupInstance (0ms)
			ReleaseScriptingObjects (0ms)
			CreateAndSetChildDomain (36ms)
		EndReloadAssembly (915ms)
			LoadAssemblies (88ms)
			RebuildTransferFunctionScriptingTraits (0ms)
			SetupTypeCache (200ms)
			ReleaseScriptCaches (2ms)
			RebuildScriptCaches (53ms)
			SetupLoadedEditorAssemblies (514ms)
				LogAssemblyErrors (0ms)
				InitializePlatformSupportModulesInManaged (17ms)
				SetLoadedEditorAssemblies (1ms)
				RefreshPlugins (1ms)
				BeforeProcessingInitializeOnLoad (82ms)
				ProcessInitializeOnLoadAttributes (255ms)
				ProcessInitializeOnLoadMethodAttributes (151ms)
				AfterProcessingInitializeOnLoad (8ms)
				EditorAssembliesLoaded (0ms)
			ExecutionOrderSort2 (0ms)
			AwakeInstancesAfterBackupRestoration (9ms)
Platform modules already initialized, skipping
Refreshing native plugins compatible for Editor in 6.52 ms, found 2 plugins.
Preloading 0 native plugins for Editor in 0.00 ms.
Unloading 2315 Unused Serialized files (Serialized files now loaded: 0)
Unloading 47 unused Assets / (25.6 KB). Loaded Objects now: 2777.
Memory consumption went from 90.9 MB to 90.8 MB.
Total: 7.690900 ms (FindLiveObjects: 0.183600 ms CreateObjectMapping: 0.123100 ms MarkObjects: 7.299600 ms  DeleteObjects: 0.082300 ms)

AssetImportParameters requested are different than current active one (requested -> active):
  custom:video-decoder-ogg-theora: a1e56fd34408186e4bbccfd4996cb3dc -> 
  custom:container-muxer-webm: aa71ff27fc2769a1b78a27578f13a17b -> 
  custom:container-demuxer-webm: 4f35f7cbe854078d1ac9338744f61a02 -> 
  custom:video-encoder-webm-vp8: eb34c28f22e8b96e1ab97ce403110664 -> 
  custom:video-codec-MediaFoundation-h265: 746d11721c4dcdbdad8f713fa42b33f4 -> 
  custom:audio-encoder-webm-vorbis: bf7c407c2cedff20999df2af8eb42d56 -> 
  custom:framework-win-MediaFoundation: 216162199b28c13a410421893ffa2e32 -> 
  custom:container-demuxer-ogg: 62fdf1f143b41e24485cea50d1cbac27 -> 
  custom:video-decoder-webm-vp8: 9c59270c3fd7afecdb556c50c9e8de78 -> 
  custom:audio-decoder-ogg-vorbis: bf7c407c2cedff20999df2af8eb42d56 -> 
========================================================================
Received Import Request.
  Time since last request: 27316.155099 seconds.
  path: Assets/Scenes
  artifactKey: Guid(3d6b7bd0e2c5a1348a24a1588df647d3) Importer(815301076,1909f56bfc062723c751e8b465ee728b)
Start importing Assets/Scenes using Guid(3d6b7bd0e2c5a1348a24a1588df647d3) Importer(815301076,1909f56bfc062723c751e8b465ee728b)  -> (artifact id: '9bc6502c3e8c20fd63758e17b19466ca') in 0.010856 seconds 
========================================================================
Received Import Request.
  Time since last request: 2.962262 seconds.
  path: Assets/Scenes/Catapult.unity
  artifactKey: Guid(f42f254cb5b13814f9da1c62e034e2c8) Importer(815301076,1909f56bfc062723c751e8b465ee728b)
Start importing Assets/Scenes/Catapult.unity using Guid(f42f254cb5b13814f9da1c62e034e2c8) Importer(815301076,1909f56bfc062723c751e8b465ee728b)  -> (artifact id: 'aec883fc45da0854bfff27466afe0070') in 0.006395 seconds 
========================================================================
Received Prepare
Registering precompiled user dll's ...
Registered in 0.004660 seconds.
Begin MonoManager ReloadAssembly
Native extension for WindowsStandalone target not found
Refreshing native plugins compatible for Editor in 0.78 ms, found 2 plugins.
Preloading 0 native plugins for Editor in 0.00 ms.
Mono: successfully reloaded assembly
- Completed reload, in  1.101 seconds
Domain Reload Profiling:
	ReloadAssembly (1102ms)
		BeginReloadAssembly (127ms)
			ExecutionOrderSort (0ms)
			DisableScriptedObjects (7ms)
			BackupInstance (0ms)
			ReleaseScriptingObjects (0ms)
			CreateAndSetChildDomain (34ms)
		EndReloadAssembly (870ms)
			LoadAssemblies (80ms)
			RebuildTransferFunctionScriptingTraits (0ms)
			SetupTypeCache (187ms)
			ReleaseScriptCaches (2ms)
			RebuildScriptCaches (51ms)
			SetupLoadedEditorAssemblies (497ms)
				LogAssemblyErrors (0ms)
				InitializePlatformSupportModulesInManaged (14ms)
				SetLoadedEditorAssemblies (1ms)
				RefreshPlugins (1ms)
				BeforeProcessingInitializeOnLoad (77ms)
				ProcessInitializeOnLoadAttributes (249ms)
				ProcessInitializeOnLoadMethodAttributes (147ms)
				AfterProcessingInitializeOnLoad (8ms)
				EditorAssembliesLoaded (0ms)
			ExecutionOrderSort2 (0ms)
			AwakeInstancesAfterBackupRestoration (8ms)
Platform modules already initialized, skipping
Refreshing native plugins compatible for Editor in 6.22 ms, found 2 plugins.
Preloading 0 native plugins for Editor in 0.00 ms.
Unloading 2315 Unused Serialized files (Serialized files now loaded: 0)
Unloading 47 unused Assets / (25.6 KB). Loaded Objects now: 2780.
Memory consumption went from 90.9 MB to 90.8 MB.
Total: 8.136000 ms (FindLiveObjects: 0.194100 ms CreateObjectMapping: 0.141000 ms MarkObjects: 7.714600 ms  DeleteObjects: 0.084700 ms)

AssetImportParameters requested are different than current active one (requested -> active):
  custom:video-decoder-ogg-theora: a1e56fd34408186e4bbccfd4996cb3dc -> 
  custom:container-muxer-webm: aa71ff27fc2769a1b78a27578f13a17b -> 
  custom:container-demuxer-webm: 4f35f7cbe854078d1ac9338744f61a02 -> 
  custom:video-encoder-webm-vp8: eb34c28f22e8b96e1ab97ce403110664 -> 
  custom:video-codec-MediaFoundation-h265: 746d11721c4dcdbdad8f713fa42b33f4 -> 
  custom:audio-encoder-webm-vorbis: bf7c407c2cedff20999df2af8eb42d56 -> 
  custom:framework-win-MediaFoundation: 216162199b28c13a410421893ffa2e32 -> 
  custom:container-demuxer-ogg: 62fdf1f143b41e24485cea50d1cbac27 -> 
  custom:video-decoder-webm-vp8: 9c59270c3fd7afecdb556c50c9e8de78 -> 
  custom:audio-decoder-ogg-vorbis: bf7c407c2cedff20999df2af8eb42d56 -> 
========================================================================
Received Import Request.
  Time since last request: 58.787682 seconds.
  path: Assets/Scripts
  artifactKey: Guid(845e75b21d6cf9a4c99bab3fb3721fdc) Importer(815301076,1909f56bfc062723c751e8b465ee728b)
Start importing Assets/Scripts using Guid(845e75b21d6cf9a4c99bab3fb3721fdc) Importer(815301076,1909f56bfc062723c751e8b465ee728b)  -> (artifact id: 'bfd02513bab3fbb0797daec7270d4a5f') in 0.011377 seconds 
========================================================================
Received Import Request.
  Time since last request: 3.256488 seconds.
  path: Assets/Scenes/Level2.unity
  artifactKey: Guid(bebff7f603bf62a4ea6d19706f4c5f67) Importer(815301076,1909f56bfc062723c751e8b465ee728b)
Start importing Assets/Scenes/Level2.unity using Guid(bebff7f603bf62a4ea6d19706f4c5f67) Importer(815301076,1909f56bfc062723c751e8b465ee728b)  -> (artifact id: '21d69f495cb5fde190111786567526b9') in 0.006136 seconds 
========================================================================
Received Import Request.
  Time since last request: 24.307213 seconds.
  path: Assets/Scenes/Level3.unity
  artifactKey: Guid(a4170056240447d4997ac9699d5caf55) Importer(815301076,1909f56bfc062723c751e8b465ee728b)
Start importing Assets/Scenes/Level3.unity using Guid(a4170056240447d4997ac9699d5caf55) Importer(815301076,1909f56bfc062723c751e8b465ee728b)  -> (artifact id: 'c64a0077f900de346f8272978e6b36f7') in 0.006443 seconds 
========================================================================
Received Import Request.
  Time since last request: 23.847017 seconds.
  path: Assets/Scenes/Level4.unity
  artifactKey: Guid(e94179e843e1e4c44a16fcf451236af3) Importer(815301076,1909f56bfc062723c751e8b465ee728b)
Start importing Assets/Scenes/Level4.unity using Guid(e94179e843e1e4c44a16fcf451236af3) Importer(815301076,1909f56bfc062723c751e8b465ee728b)  -> (artifact id: '89defbf5da8022a68fe3e054aea6e639') in 0.007167 seconds 
========================================================================
Received Import Request.
  Time since last request: 18.280332 seconds.
  path: Assets/Scenes/Level5.unity
  artifactKey: Guid(788aa6140604a3e4b8fea57358680b97) Importer(815301076,1909f56bfc062723c751e8b465ee728b)
Start importing Assets/Scenes/Level5.unity using Guid(788aa6140604a3e4b8fea57358680b97) Importer(815301076,1909f56bfc062723c751e8b465ee728b)  -> (artifact id: '676f9695b2234827fc57f2e9ecf47b56') in 0.007238 seconds 
========================================================================
Received Import Request.
  Time since last request: 4.703393 seconds.
  path: Assets/Scenes/Level4.unity
  artifactKey: Guid(e94179e843e1e4c44a16fcf451236af3) Importer(815301076,1909f56bfc062723c751e8b465ee728b)
Start importing Assets/Scenes/Level4.unity using Guid(e94179e843e1e4c44a16fcf451236af3) Importer(815301076,1909f56bfc062723c751e8b465ee728b)  -> (artifact id: 'b70686197aba6ff46fc732bdf8d12272') in 0.002151 seconds 
========================================================================
Received Import Request.
  Time since last request: 18.414778 seconds.
  path: Assets/Scenes/Level6.unity
  artifactKey: Guid(02a92a65d86ba924da834c54f24ec175) Importer(815301076,1909f56bfc062723c751e8b465ee728b)
Start importing Assets/Scenes/Level6.unity using Guid(02a92a65d86ba924da834c54f24ec175) Importer(815301076,1909f56bfc062723c751e8b465ee728b)  -> (artifact id: '3dd7ba7ce65540fe8b6f33e3f618a601') in 0.005849 seconds 
========================================================================
Received Import Request.
  Time since last request: 20.487651 seconds.
  path: Assets/Scenes/Level7.unity
  artifactKey: Guid(26a927b3262390a42afc0c8038e0f6b6) Importer(815301076,1909f56bfc062723c751e8b465ee728b)
Start importing Assets/Scenes/Level7.unity using Guid(26a927b3262390a42afc0c8038e0f6b6) Importer(815301076,1909f56bfc062723c751e8b465ee728b)  -> (artifact id: 'cc3f8843770f482511cbd47ad46ad3f6') in 0.006130 seconds 
========================================================================
Received Import Request.
  Time since last request: 20.921947 seconds.
  path: Assets/Scenes/Level8.unity
  artifactKey: Guid(f10ec4bf23879fe42a27b87d50fbae47) Importer(815301076,1909f56bfc062723c751e8b465ee728b)
Start importing Assets/Scenes/Level8.unity using Guid(f10ec4bf23879fe42a27b87d50fbae47) Importer(815301076,1909f56bfc062723c751e8b465ee728b)  -> (artifact id: 'b3c8477db92744589e3c1321fbe2ec5b') in 0.005975 seconds 
========================================================================
Received Import Request.
  Time since last request: 29.312270 seconds.
  path: Assets/Scenes/Level9.unity
  artifactKey: Guid(281b5500e23009441b61a563661005f0) Importer(815301076,1909f56bfc062723c751e8b465ee728b)
Start importing Assets/Scenes/Level9.unity using Guid(281b5500e23009441b61a563661005f0) Importer(815301076,1909f56bfc062723c751e8b465ee728b)  -> (artifact id: '0f4bea0439441d5af3cf4f0baf123ccd') in 0.005736 seconds 
========================================================================
Received Import Request.
  Time since last request: 31.262444 seconds.
  path: Assets/Scenes/Level10.unity
  artifactKey: Guid(d184339c0a5363748bd6f41cd6b59a79) Importer(815301076,1909f56bfc062723c751e8b465ee728b)
Start importing Assets/Scenes/Level10.unity using Guid(d184339c0a5363748bd6f41cd6b59a79) Importer(815301076,1909f56bfc062723c751e8b465ee728b)  -> (artifact id: '382c90d1f0d7342416490f53609cc987') in 0.005988 seconds 
========================================================================
Received Import Request.
  Time since last request: 15.628093 seconds.
  path: Assets/Scenes/Level11.unity
  artifactKey: Guid(77a41c9f20fc5d143a0676498e5c0a49) Importer(815301076,1909f56bfc062723c751e8b465ee728b)
Start importing Assets/Scenes/Level11.unity using Guid(77a41c9f20fc5d143a0676498e5c0a49) Importer(815301076,1909f56bfc062723c751e8b465ee728b)  -> (artifact id: '9291f68bb38745dcca06bad71932a106') in 0.005930 seconds 
========================================================================
Received Import Request.
  Time since last request: 14.201338 seconds.
  path: Assets/Scenes/Level12.unity
  artifactKey: Guid(b6c0198193778f74c963acfce5787630) Importer(815301076,1909f56bfc062723c751e8b465ee728b)
Start importing Assets/Scenes/Level12.unity using Guid(b6c0198193778f74c963acfce5787630) Importer(815301076,1909f56bfc062723c751e8b465ee728b)  -> (artifact id: '0396ce003f6aa6a8013ffb3de94848e1') in 0.007506 seconds 
========================================================================
Received Import Request.
  Time since last request: 15.862485 seconds.
  path: Assets/Scenes/Level13.unity
  artifactKey: Guid(31dc70e13308f47498e6f883cb759d8c) Importer(815301076,1909f56bfc062723c751e8b465ee728b)
Start importing Assets/Scenes/Level13.unity using Guid(31dc70e13308f47498e6f883cb759d8c) Importer(815301076,1909f56bfc062723c751e8b465ee728b)  -> (artifact id: '374981b9576751efd97eb91a91420e83') in 0.005899 seconds 
========================================================================
Received Import Request.
  Time since last request: 16.877406 seconds.
  path: Assets/Scenes/Level14.unity
  artifactKey: Guid(1b82b3b563f924e4c91c0eeaed2de104) Importer(815301076,1909f56bfc062723c751e8b465ee728b)
Start importing Assets/Scenes/Level14.unity using Guid(1b82b3b563f924e4c91c0eeaed2de104) Importer(815301076,1909f56bfc062723c751e8b465ee728b)  -> (artifact id: 'b0c0ac2f77cad8309232105839c73e7b') in 0.006065 seconds 
========================================================================
Received Import Request.
  Time since last request: 14.181656 seconds.
  path: Assets/Scenes/Level15.unity
  artifactKey: Guid(24760393af54cd847a15507124ff3344) Importer(815301076,1909f56bfc062723c751e8b465ee728b)
Start importing Assets/Scenes/Level15.unity using Guid(24760393af54cd847a15507124ff3344) Importer(815301076,1909f56bfc062723c751e8b465ee728b)  -> (artifact id: '9a45aa6bc0ff6a68f98aeec09fa5a6f4') in 0.005836 seconds 
========================================================================
Received Import Request.
  Time since last request: 19.712554 seconds.
  path: Assets/Scenes/Level1.unity
  artifactKey: Guid(8869cc24081baa04abf0344ee07bd69b) Importer(815301076,1909f56bfc062723c751e8b465ee728b)
Start importing Assets/Scenes/Level1.unity using Guid(8869cc24081baa04abf0344ee07bd69b) Importer(815301076,1909f56bfc062723c751e8b465ee728b)  -> (artifact id: 'c4685c22599e6314410d02a405940afa') in 0.006130 seconds 
